<?xml version="1.0" encoding="UTF-8"?>
<testng-results ignored="0" total="2" passed="2" failed="0" skipped="0">
  <reporter-output>
  </reporter-output>
  <suite started-at="2022-09-10T21:15:40 JST" name="Default suite" finished-at="2022-09-10T21:15:42 JST" duration-ms="1873">
    <groups>
    </groups>
    <test started-at="2022-09-10T21:15:40 JST" name="Default test" finished-at="2022-09-10T21:15:42 JST" duration-ms="1873">
      <class name="tests.TestsExamples">
        <test-method signature="test_1()[pri:0, instance:tests.TestsExamples@175b9425]" started-at="2022-09-10T21:15:40 JST" name="test_1" finished-at="2022-09-10T21:15:42 JST" duration-ms="1256" status="PASS">
          <reporter-output>
          </reporter-output>
        </test-method> <!-- test_1 -->
        <test-method signature="test_2()[pri:0, instance:tests.TestsExamples@175b9425]" started-at="2022-09-10T21:15:42 JST" name="test_2" finished-at="2022-09-10T21:15:42 JST" duration-ms="588" status="PASS">
          <reporter-output>
          </reporter-output>
        </test-method> <!-- test_2 -->
      </class> <!-- tests.TestsExamples -->
    </test> <!-- Default test -->
  </suite> <!-- Default suite -->
</testng-results>
